<?xml version="1.0" encoding="UTF-8"?>
<!-- Generated by org.testng.reporters.JUnitXMLReporter -->
<testsuite hostname="camilo-all-series" name="Surefire test" tests="10" failures="0" timestamp="15 Jan 2016 17:12:53 GMT" time="1.751" errors="0">
  <testcase name="actualizarEquipoConExito" time="0.02" classname="org.sunnycake.aton.controller.AppControllerTest"/>
  <testcase name="actualizarEquipoConValidacionDeError" time="0.0" classname="org.sunnycake.aton.controller.AppControllerTest"/>
  <testcase name="actualizarEquipoConValidacionDeErrorMacNoUnica" time="0.001" classname="org.sunnycake.aton.controller.AppControllerTest"/>
  <testcase name="editarEquipo" time="0.0" classname="org.sunnycake.aton.controller.AppControllerTest"/>
  <testcase name="eliminarEquipo" time="0.004" classname="org.sunnycake.aton.controller.AppControllerTest"/>
  <testcase name="guardarEmpleadoConExito" time="1.016" classname="org.sunnycake.aton.controller.AppControllerTest"/>
  <testcase name="guardarEquipoConValidacionDeErrorMacNoUnica" time="0.001" classname="org.sunnycake.aton.controller.AppControllerTest"/>
  <testcase name="guardarEquipoConValidacionDeErrores" time="0.0" classname="org.sunnycake.aton.controller.AppControllerTest"/>
  <testcase name="listarEquipos" time="0.005" classname="org.sunnycake.aton.controller.AppControllerTest"/>
  <testcase name="nuevoEquipo" time="0.0" classname="org.sunnycake.aton.controller.AppControllerTest"/>
</testsuite> <!-- Surefire test -->
