<?xml version="1.0" encoding="UTF-8"?>
<testng-results skipped="0" failed="0" total="10" passed="10">
  <reporter-output>
  </reporter-output>
  <suite name="org.sunnycake.aton.controller.AppControllerTest" duration-ms="6654" started-at="2016-01-21T03:48:44Z" finished-at="2016-01-21T03:48:51Z">
    <groups>
    </groups>
    <test name="Command line test" duration-ms="6654" started-at="2016-01-21T03:48:44Z" finished-at="2016-01-21T03:48:51Z">
      <class name="org.sunnycake.aton.controller.AppControllerTest">
        <test-method status="PASS" signature="setUp()[pri:0, instance:org.sunnycake.aton.controller.AppControllerTest@6108b2d7]" name="setUp" is-config="true" duration-ms="1758" started-at="2016-01-20T22:48:44Z" finished-at="2016-01-20T22:48:46Z">
          <reporter-output>
          </reporter-output>
        </test-method> <!-- setUp -->
        <test-method status="PASS" signature="actualizarEquipoConExito()[pri:0, instance:org.sunnycake.aton.controller.AppControllerTest@6108b2d7]" name="actualizarEquipoConExito" duration-ms="15" started-at="2016-01-20T22:48:46Z" finished-at="2016-01-20T22:48:46Z">
          <reporter-output>
          </reporter-output>
        </test-method> <!-- actualizarEquipoConExito -->
        <test-method status="PASS" signature="actualizarEquipoConValidacionDeError()[pri:0, instance:org.sunnycake.aton.controller.AppControllerTest@6108b2d7]" name="actualizarEquipoConValidacionDeError" duration-ms="0" started-at="2016-01-20T22:48:46Z" finished-at="2016-01-20T22:48:46Z">
          <reporter-output>
          </reporter-output>
        </test-method> <!-- actualizarEquipoConValidacionDeError -->
        <test-method status="PASS" signature="actualizarEquipoConValidacionDeErrorMacNoUnica()[pri:0, instance:org.sunnycake.aton.controller.AppControllerTest@6108b2d7]" name="actualizarEquipoConValidacionDeErrorMacNoUnica" duration-ms="0" started-at="2016-01-20T22:48:46Z" finished-at="2016-01-20T22:48:46Z">
          <reporter-output>
          </reporter-output>
        </test-method> <!-- actualizarEquipoConValidacionDeErrorMacNoUnica -->
        <test-method status="PASS" signature="editarEquipo()[pri:0, instance:org.sunnycake.aton.controller.AppControllerTest@6108b2d7]" name="editarEquipo" duration-ms="17" started-at="2016-01-20T22:48:46Z" finished-at="2016-01-20T22:48:46Z">
          <reporter-output>
          </reporter-output>
        </test-method> <!-- editarEquipo -->
        <test-method status="PASS" signature="eliminarEquipo()[pri:0, instance:org.sunnycake.aton.controller.AppControllerTest@6108b2d7]" name="eliminarEquipo" duration-ms="30" started-at="2016-01-20T22:48:46Z" finished-at="2016-01-20T22:48:46Z">
          <reporter-output>
          </reporter-output>
        </test-method> <!-- eliminarEquipo -->
        <test-method status="PASS" signature="guardarEquipoConExito()[pri:0, instance:org.sunnycake.aton.controller.AppControllerTest@6108b2d7]" name="guardarEquipoConExito" duration-ms="4785" started-at="2016-01-20T22:48:46Z" finished-at="2016-01-20T22:48:51Z">
          <reporter-output>
          </reporter-output>
        </test-method> <!-- guardarEquipoConExito -->
        <test-method status="PASS" signature="guardarEquipoConValidacionDeErrorMacNoUnica()[pri:0, instance:org.sunnycake.aton.controller.AppControllerTest@6108b2d7]" name="guardarEquipoConValidacionDeErrorMacNoUnica" duration-ms="7" started-at="2016-01-20T22:48:51Z" finished-at="2016-01-20T22:48:51Z">
          <reporter-output>
          </reporter-output>
        </test-method> <!-- guardarEquipoConValidacionDeErrorMacNoUnica -->
        <test-method status="PASS" signature="guardarEquipoConValidacionDeErrores()[pri:0, instance:org.sunnycake.aton.controller.AppControllerTest@6108b2d7]" name="guardarEquipoConValidacionDeErrores" duration-ms="1" started-at="2016-01-20T22:48:51Z" finished-at="2016-01-20T22:48:51Z">
          <reporter-output>
          </reporter-output>
        </test-method> <!-- guardarEquipoConValidacionDeErrores -->
        <test-method status="PASS" signature="listarEquipos()[pri:0, instance:org.sunnycake.aton.controller.AppControllerTest@6108b2d7]" name="listarEquipos" duration-ms="30" started-at="2016-01-20T22:48:51Z" finished-at="2016-01-20T22:48:51Z">
          <reporter-output>
          </reporter-output>
        </test-method> <!-- listarEquipos -->
        <test-method status="PASS" signature="nuevoEquipo()[pri:0, instance:org.sunnycake.aton.controller.AppControllerTest@6108b2d7]" name="nuevoEquipo" duration-ms="0" started-at="2016-01-20T22:48:51Z" finished-at="2016-01-20T22:48:51Z">
          <reporter-output>
          </reporter-output>
        </test-method> <!-- nuevoEquipo -->
      </class> <!-- org.sunnycake.aton.controller.AppControllerTest -->
    </test> <!-- Command line test -->
  </suite> <!-- org.sunnycake.aton.controller.AppControllerTest -->
</testng-results>
