<?xml version="1.0" encoding="UTF-8"?>
<testng-results skipped="0" failed="7" total="17" passed="10">
  <reporter-output>
  </reporter-output>
  <suite name="Command line suite" duration-ms="1871" started-at="2016-01-21T22:15:44Z" finished-at="2016-01-21T22:15:46Z">
    <groups>
    </groups>
    <test name="Command line test" duration-ms="1871" started-at="2016-01-21T22:15:44Z" finished-at="2016-01-21T22:15:46Z">
      <class name="org.sunnycake.aton.service.impl.EquipoServiceImplNGTest">
        <test-method status="FAIL" signature="testActualizarEquipo()[pri:0, instance:org.sunnycake.aton.service.impl.EquipoServiceImplNGTest@783e6358]" name="testActualizarEquipo" duration-ms="1" started-at="2016-01-21T17:15:46Z" finished-at="2016-01-21T17:15:46Z">
          <exception class="java.lang.NullPointerException">
            <full-stacktrace>
              <![CDATA[java.lang.NullPointerException
	at org.sunnycake.aton.service.impl.EquipoServiceImpl.actualizarEquipo(EquipoServiceImpl.java:55)
	at org.sunnycake.aton.service.impl.EquipoServiceImplNGTest.testActualizarEquipo(EquipoServiceImplNGTest.java:77)
	at sun.reflect.NativeMethodAccessorImpl.invoke0(Native Method)
	at sun.reflect.NativeMethodAccessorImpl.invoke(NativeMethodAccessorImpl.java:62)
	at sun.reflect.DelegatingMethodAccessorImpl.invoke(DelegatingMethodAccessorImpl.java:43)
	at java.lang.reflect.Method.invoke(Method.java:483)
	at org.testng.internal.MethodInvocationHelper.invokeMethod(MethodInvocationHelper.java:85)
	at org.testng.internal.Invoker.invokeMethod(Invoker.java:659)
	at org.testng.internal.Invoker.invokeTestMethod(Invoker.java:845)
	at org.testng.internal.Invoker.invokeTestMethods(Invoker.java:1153)
	at org.testng.internal.TestMethodWorker.invokeTestMethods(TestMethodWorker.java:125)
	at org.testng.internal.TestMethodWorker.run(TestMethodWorker.java:108)
	at org.testng.TestRunner.privateRun(TestRunner.java:771)
	at org.testng.TestRunner.run(TestRunner.java:621)
	at org.testng.SuiteRunner.runTest(SuiteRunner.java:357)
	at org.testng.SuiteRunner.runSequentially(SuiteRunner.java:352)
	at org.testng.SuiteRunner.privateRun(SuiteRunner.java:310)
	at org.testng.SuiteRunner.run(SuiteRunner.java:259)
	at org.testng.SuiteRunnerWorker.runSuite(SuiteRunnerWorker.java:52)
	at org.testng.SuiteRunnerWorker.run(SuiteRunnerWorker.java:86)
	at org.testng.TestNG.runSuitesSequentially(TestNG.java:1199)
	at org.testng.TestNG.runSuitesLocally(TestNG.java:1124)
	at org.testng.TestNG.run(TestNG.java:1032)
	at org.apache.maven.surefire.testng.TestNGExecutor.run(TestNGExecutor.java:70)
	at org.apache.maven.surefire.testng.TestNGDirectoryTestSuite.executeMulti(TestNGDirectoryTestSuite.java:158)
	at org.apache.maven.surefire.testng.TestNGDirectoryTestSuite.execute(TestNGDirectoryTestSuite.java:98)
	at org.apache.maven.surefire.testng.TestNGProvider.invoke(TestNGProvider.java:111)
	at sun.reflect.NativeMethodAccessorImpl.invoke0(Native Method)
	at sun.reflect.NativeMethodAccessorImpl.invoke(NativeMethodAccessorImpl.java:62)
	at sun.reflect.DelegatingMethodAccessorImpl.invoke(DelegatingMethodAccessorImpl.java:43)
	at java.lang.reflect.Method.invoke(Method.java:483)
	at org.apache.maven.surefire.util.ReflectionUtils.invokeMethodWithArray(ReflectionUtils.java:164)
	at org.apache.maven.surefire.booter.ProviderFactory$ProviderProxy.invoke(ProviderFactory.java:110)
	at org.apache.maven.surefire.booter.SurefireStarter.invokeProvider(SurefireStarter.java:175)
	at org.apache.maven.surefire.booter.SurefireStarter.runSuitesInProcessWhenForked(SurefireStarter.java:107)
	at org.apache.maven.surefire.booter.ForkedBooter.main(ForkedBooter.java:68)
]]>
            </full-stacktrace>
          </exception> <!-- java.lang.NullPointerException -->
          <reporter-output>
          </reporter-output>
        </test-method> <!-- testActualizarEquipo -->
        <test-method status="PASS" signature="setUpClass()[pri:0, instance:org.sunnycake.aton.service.impl.EquipoServiceImplNGTest@783e6358]" name="setUpClass" is-config="true" duration-ms="0" started-at="2016-01-21T17:15:46Z" finished-at="2016-01-21T17:15:46Z">
          <reporter-output>
          </reporter-output>
        </test-method> <!-- setUpClass -->
        <test-method status="PASS" signature="setUpMethod()[pri:0, instance:org.sunnycake.aton.service.impl.EquipoServiceImplNGTest@783e6358]" name="setUpMethod" is-config="true" duration-ms="0" started-at="2016-01-21T17:15:46Z" finished-at="2016-01-21T17:15:46Z">
          <reporter-output>
          </reporter-output>
        </test-method> <!-- setUpMethod -->
        <test-method status="PASS" signature="setUpMethod()[pri:0, instance:org.sunnycake.aton.service.impl.EquipoServiceImplNGTest@783e6358]" name="setUpMethod" is-config="true" duration-ms="0" started-at="2016-01-21T17:15:46Z" finished-at="2016-01-21T17:15:46Z">
          <reporter-output>
          </reporter-output>
        </test-method> <!-- setUpMethod -->
        <test-method status="FAIL" signature="testBuscarEquipoPorIp()[pri:0, instance:org.sunnycake.aton.service.impl.EquipoServiceImplNGTest@783e6358]" name="testBuscarEquipoPorIp" duration-ms="0" started-at="2016-01-21T17:15:46Z" finished-at="2016-01-21T17:15:46Z">
          <exception class="java.lang.NullPointerException">
            <full-stacktrace>
              <![CDATA[java.lang.NullPointerException
	at org.sunnycake.aton.service.impl.EquipoServiceImpl.buscarEquipoPorIp(EquipoServiceImpl.java:37)
	at org.sunnycake.aton.service.impl.EquipoServiceImplNGTest.testBuscarEquipoPorIp(EquipoServiceImplNGTest.java:50)
	at sun.reflect.NativeMethodAccessorImpl.invoke0(Native Method)
	at sun.reflect.NativeMethodAccessorImpl.invoke(NativeMethodAccessorImpl.java:62)
	at sun.reflect.DelegatingMethodAccessorImpl.invoke(DelegatingMethodAccessorImpl.java:43)
	at java.lang.reflect.Method.invoke(Method.java:483)
	at org.testng.internal.MethodInvocationHelper.invokeMethod(MethodInvocationHelper.java:85)
	at org.testng.internal.Invoker.invokeMethod(Invoker.java:659)
	at org.testng.internal.Invoker.invokeTestMethod(Invoker.java:845)
	at org.testng.internal.Invoker.invokeTestMethods(Invoker.java:1153)
	at org.testng.internal.TestMethodWorker.invokeTestMethods(TestMethodWorker.java:125)
	at org.testng.internal.TestMethodWorker.run(TestMethodWorker.java:108)
	at org.testng.TestRunner.privateRun(TestRunner.java:771)
	at org.testng.TestRunner.run(TestRunner.java:621)
	at org.testng.SuiteRunner.runTest(SuiteRunner.java:357)
	at org.testng.SuiteRunner.runSequentially(SuiteRunner.java:352)
	at org.testng.SuiteRunner.privateRun(SuiteRunner.java:310)
	at org.testng.SuiteRunner.run(SuiteRunner.java:259)
	at org.testng.SuiteRunnerWorker.runSuite(SuiteRunnerWorker.java:52)
	at org.testng.SuiteRunnerWorker.run(SuiteRunnerWorker.java:86)
	at org.testng.TestNG.runSuitesSequentially(TestNG.java:1199)
	at org.testng.TestNG.runSuitesLocally(TestNG.java:1124)
	at org.testng.TestNG.run(TestNG.java:1032)
	at org.apache.maven.surefire.testng.TestNGExecutor.run(TestNGExecutor.java:70)
	at org.apache.maven.surefire.testng.TestNGDirectoryTestSuite.executeMulti(TestNGDirectoryTestSuite.java:158)
	at org.apache.maven.surefire.testng.TestNGDirectoryTestSuite.execute(TestNGDirectoryTestSuite.java:98)
	at org.apache.maven.surefire.testng.TestNGProvider.invoke(TestNGProvider.java:111)
	at sun.reflect.NativeMethodAccessorImpl.invoke0(Native Method)
	at sun.reflect.NativeMethodAccessorImpl.invoke(NativeMethodAccessorImpl.java:62)
	at sun.reflect.DelegatingMethodAccessorImpl.invoke(DelegatingMethodAccessorImpl.java:43)
	at java.lang.reflect.Method.invoke(Method.java:483)
	at org.apache.maven.surefire.util.ReflectionUtils.invokeMethodWithArray(ReflectionUtils.java:164)
	at org.apache.maven.surefire.booter.ProviderFactory$ProviderProxy.invoke(ProviderFactory.java:110)
	at org.apache.maven.surefire.booter.SurefireStarter.invokeProvider(SurefireStarter.java:175)
	at org.apache.maven.surefire.booter.SurefireStarter.runSuitesInProcessWhenForked(SurefireStarter.java:107)
	at org.apache.maven.surefire.booter.ForkedBooter.main(ForkedBooter.java:68)
]]>
            </full-stacktrace>
          </exception> <!-- java.lang.NullPointerException -->
          <reporter-output>
          </reporter-output>
        </test-method> <!-- testBuscarEquipoPorIp -->
        <test-method status="PASS" signature="tearDownMethod()[pri:0, instance:org.sunnycake.aton.service.impl.EquipoServiceImplNGTest@783e6358]" name="tearDownMethod" is-config="true" duration-ms="0" started-at="2016-01-21T17:15:46Z" finished-at="2016-01-21T17:15:46Z">
          <reporter-output>
          </reporter-output>
        </test-method> <!-- tearDownMethod -->
        <test-method status="FAIL" signature="testBuscarEquipoPorNombre()[pri:0, instance:org.sunnycake.aton.service.impl.EquipoServiceImplNGTest@783e6358]" name="testBuscarEquipoPorNombre" duration-ms="0" started-at="2016-01-21T17:15:46Z" finished-at="2016-01-21T17:15:46Z">
          <exception class="java.lang.NullPointerException">
            <full-stacktrace>
              <![CDATA[java.lang.NullPointerException
	at org.sunnycake.aton.service.impl.EquipoServiceImpl.buscarEquipoPorNombre(EquipoServiceImpl.java:89)
	at org.sunnycake.aton.service.impl.EquipoServiceImplNGTest.testBuscarEquipoPorNombre(EquipoServiceImplNGTest.java:118)
	at sun.reflect.NativeMethodAccessorImpl.invoke0(Native Method)
	at sun.reflect.NativeMethodAccessorImpl.invoke(NativeMethodAccessorImpl.java:62)
	at sun.reflect.DelegatingMethodAccessorImpl.invoke(DelegatingMethodAccessorImpl.java:43)
	at java.lang.reflect.Method.invoke(Method.java:483)
	at org.testng.internal.MethodInvocationHelper.invokeMethod(MethodInvocationHelper.java:85)
	at org.testng.internal.Invoker.invokeMethod(Invoker.java:659)
	at org.testng.internal.Invoker.invokeTestMethod(Invoker.java:845)
	at org.testng.internal.Invoker.invokeTestMethods(Invoker.java:1153)
	at org.testng.internal.TestMethodWorker.invokeTestMethods(TestMethodWorker.java:125)
	at org.testng.internal.TestMethodWorker.run(TestMethodWorker.java:108)
	at org.testng.TestRunner.privateRun(TestRunner.java:771)
	at org.testng.TestRunner.run(TestRunner.java:621)
	at org.testng.SuiteRunner.runTest(SuiteRunner.java:357)
	at org.testng.SuiteRunner.runSequentially(SuiteRunner.java:352)
	at org.testng.SuiteRunner.privateRun(SuiteRunner.java:310)
	at org.testng.SuiteRunner.run(SuiteRunner.java:259)
	at org.testng.SuiteRunnerWorker.runSuite(SuiteRunnerWorker.java:52)
	at org.testng.SuiteRunnerWorker.run(SuiteRunnerWorker.java:86)
	at org.testng.TestNG.runSuitesSequentially(TestNG.java:1199)
	at org.testng.TestNG.runSuitesLocally(TestNG.java:1124)
	at org.testng.TestNG.run(TestNG.java:1032)
	at org.apache.maven.surefire.testng.TestNGExecutor.run(TestNGExecutor.java:70)
	at org.apache.maven.surefire.testng.TestNGDirectoryTestSuite.executeMulti(TestNGDirectoryTestSuite.java:158)
	at org.apache.maven.surefire.testng.TestNGDirectoryTestSuite.execute(TestNGDirectoryTestSuite.java:98)
	at org.apache.maven.surefire.testng.TestNGProvider.invoke(TestNGProvider.java:111)
	at sun.reflect.NativeMethodAccessorImpl.invoke0(Native Method)
	at sun.reflect.NativeMethodAccessorImpl.invoke(NativeMethodAccessorImpl.java:62)
	at sun.reflect.DelegatingMethodAccessorImpl.invoke(DelegatingMethodAccessorImpl.java:43)
	at java.lang.reflect.Method.invoke(Method.java:483)
	at org.apache.maven.surefire.util.ReflectionUtils.invokeMethodWithArray(ReflectionUtils.java:164)
	at org.apache.maven.surefire.booter.ProviderFactory$ProviderProxy.invoke(ProviderFactory.java:110)
	at org.apache.maven.surefire.booter.SurefireStarter.invokeProvider(SurefireStarter.java:175)
	at org.apache.maven.surefire.booter.SurefireStarter.runSuitesInProcessWhenForked(SurefireStarter.java:107)
	at org.apache.maven.surefire.booter.ForkedBooter.main(ForkedBooter.java:68)
]]>
            </full-stacktrace>
          </exception> <!-- java.lang.NullPointerException -->
          <reporter-output>
          </reporter-output>
        </test-method> <!-- testBuscarEquipoPorNombre -->
        <test-method status="PASS" signature="setUpMethod()[pri:0, instance:org.sunnycake.aton.service.impl.EquipoServiceImplNGTest@783e6358]" name="setUpMethod" is-config="true" duration-ms="0" started-at="2016-01-21T17:15:46Z" finished-at="2016-01-21T17:15:46Z">
          <reporter-output>
          </reporter-output>
        </test-method> <!-- setUpMethod -->
        <test-method status="PASS" signature="tearDownMethod()[pri:0, instance:org.sunnycake.aton.service.impl.EquipoServiceImplNGTest@783e6358]" name="tearDownMethod" is-config="true" duration-ms="0" started-at="2016-01-21T17:15:46Z" finished-at="2016-01-21T17:15:46Z">
          <reporter-output>
          </reporter-output>
        </test-method> <!-- tearDownMethod -->
        <test-method status="PASS" signature="tearDownMethod()[pri:0, instance:org.sunnycake.aton.service.impl.EquipoServiceImplNGTest@783e6358]" name="tearDownMethod" is-config="true" duration-ms="0" started-at="2016-01-21T17:15:46Z" finished-at="2016-01-21T17:15:46Z">
          <reporter-output>
          </reporter-output>
        </test-method> <!-- tearDownMethod -->
        <test-method status="PASS" signature="setUpMethod()[pri:0, instance:org.sunnycake.aton.service.impl.EquipoServiceImplNGTest@783e6358]" name="setUpMethod" is-config="true" duration-ms="0" started-at="2016-01-21T17:15:46Z" finished-at="2016-01-21T17:15:46Z">
          <reporter-output>
          </reporter-output>
        </test-method> <!-- setUpMethod -->
        <test-method status="PASS" signature="setUpMethod()[pri:0, instance:org.sunnycake.aton.service.impl.EquipoServiceImplNGTest@783e6358]" name="setUpMethod" is-config="true" duration-ms="0" started-at="2016-01-21T17:15:46Z" finished-at="2016-01-21T17:15:46Z">
          <reporter-output>
          </reporter-output>
        </test-method> <!-- setUpMethod -->
        <test-method status="PASS" signature="tearDownMethod()[pri:0, instance:org.sunnycake.aton.service.impl.EquipoServiceImplNGTest@783e6358]" name="tearDownMethod" is-config="true" duration-ms="0" started-at="2016-01-21T17:15:46Z" finished-at="2016-01-21T17:15:46Z">
          <reporter-output>
          </reporter-output>
        </test-method> <!-- tearDownMethod -->
        <test-method status="FAIL" signature="testBuscarTodosLosEquipos()[pri:0, instance:org.sunnycake.aton.service.impl.EquipoServiceImplNGTest@783e6358]" name="testBuscarTodosLosEquipos" duration-ms="0" started-at="2016-01-21T17:15:46Z" finished-at="2016-01-21T17:15:46Z">
          <exception class="java.lang.NullPointerException">
            <full-stacktrace>
              <![CDATA[java.lang.NullPointerException
	at org.sunnycake.aton.service.impl.EquipoServiceImpl.buscarTodosLosEquipos(EquipoServiceImpl.java:80)
	at org.sunnycake.aton.service.impl.EquipoServiceImplNGTest.testBuscarTodosLosEquipos(EquipoServiceImplNGTest.java:103)
	at sun.reflect.NativeMethodAccessorImpl.invoke0(Native Method)
	at sun.reflect.NativeMethodAccessorImpl.invoke(NativeMethodAccessorImpl.java:62)
	at sun.reflect.DelegatingMethodAccessorImpl.invoke(DelegatingMethodAccessorImpl.java:43)
	at java.lang.reflect.Method.invoke(Method.java:483)
	at org.testng.internal.MethodInvocationHelper.invokeMethod(MethodInvocationHelper.java:85)
	at org.testng.internal.Invoker.invokeMethod(Invoker.java:659)
	at org.testng.internal.Invoker.invokeTestMethod(Invoker.java:845)
	at org.testng.internal.Invoker.invokeTestMethods(Invoker.java:1153)
	at org.testng.internal.TestMethodWorker.invokeTestMethods(TestMethodWorker.java:125)
	at org.testng.internal.TestMethodWorker.run(TestMethodWorker.java:108)
	at org.testng.TestRunner.privateRun(TestRunner.java:771)
	at org.testng.TestRunner.run(TestRunner.java:621)
	at org.testng.SuiteRunner.runTest(SuiteRunner.java:357)
	at org.testng.SuiteRunner.runSequentially(SuiteRunner.java:352)
	at org.testng.SuiteRunner.privateRun(SuiteRunner.java:310)
	at org.testng.SuiteRunner.run(SuiteRunner.java:259)
	at org.testng.SuiteRunnerWorker.runSuite(SuiteRunnerWorker.java:52)
	at org.testng.SuiteRunnerWorker.run(SuiteRunnerWorker.java:86)
	at org.testng.TestNG.runSuitesSequentially(TestNG.java:1199)
	at org.testng.TestNG.runSuitesLocally(TestNG.java:1124)
	at org.testng.TestNG.run(TestNG.java:1032)
	at org.apache.maven.surefire.testng.TestNGExecutor.run(TestNGExecutor.java:70)
	at org.apache.maven.surefire.testng.TestNGDirectoryTestSuite.executeMulti(TestNGDirectoryTestSuite.java:158)
	at org.apache.maven.surefire.testng.TestNGDirectoryTestSuite.execute(TestNGDirectoryTestSuite.java:98)
	at org.apache.maven.surefire.testng.TestNGProvider.invoke(TestNGProvider.java:111)
	at sun.reflect.NativeMethodAccessorImpl.invoke0(Native Method)
	at sun.reflect.NativeMethodAccessorImpl.invoke(NativeMethodAccessorImpl.java:62)
	at sun.reflect.DelegatingMethodAccessorImpl.invoke(DelegatingMethodAccessorImpl.java:43)
	at java.lang.reflect.Method.invoke(Method.java:483)
	at org.apache.maven.surefire.util.ReflectionUtils.invokeMethodWithArray(ReflectionUtils.java:164)
	at org.apache.maven.surefire.booter.ProviderFactory$ProviderProxy.invoke(ProviderFactory.java:110)
	at org.apache.maven.surefire.booter.SurefireStarter.invokeProvider(SurefireStarter.java:175)
	at org.apache.maven.surefire.booter.SurefireStarter.runSuitesInProcessWhenForked(SurefireStarter.java:107)
	at org.apache.maven.surefire.booter.ForkedBooter.main(ForkedBooter.java:68)
]]>
            </full-stacktrace>
          </exception> <!-- java.lang.NullPointerException -->
          <reporter-output>
          </reporter-output>
        </test-method> <!-- testBuscarTodosLosEquipos -->
        <test-method status="FAIL" signature="testEliminarEquipoPorIp()[pri:0, instance:org.sunnycake.aton.service.impl.EquipoServiceImplNGTest@783e6358]" name="testEliminarEquipoPorIp" duration-ms="1" started-at="2016-01-21T17:15:46Z" finished-at="2016-01-21T17:15:46Z">
          <exception class="java.lang.NullPointerException">
            <full-stacktrace>
              <![CDATA[java.lang.NullPointerException
	at org.sunnycake.aton.service.impl.EquipoServiceImpl.eliminarEquipoPorIp(EquipoServiceImpl.java:71)
	at org.sunnycake.aton.service.impl.EquipoServiceImplNGTest.testEliminarEquipoPorIp(EquipoServiceImplNGTest.java:90)
	at sun.reflect.NativeMethodAccessorImpl.invoke0(Native Method)
	at sun.reflect.NativeMethodAccessorImpl.invoke(NativeMethodAccessorImpl.java:62)
	at sun.reflect.DelegatingMethodAccessorImpl.invoke(DelegatingMethodAccessorImpl.java:43)
	at java.lang.reflect.Method.invoke(Method.java:483)
	at org.testng.internal.MethodInvocationHelper.invokeMethod(MethodInvocationHelper.java:85)
	at org.testng.internal.Invoker.invokeMethod(Invoker.java:659)
	at org.testng.internal.Invoker.invokeTestMethod(Invoker.java:845)
	at org.testng.internal.Invoker.invokeTestMethods(Invoker.java:1153)
	at org.testng.internal.TestMethodWorker.invokeTestMethods(TestMethodWorker.java:125)
	at org.testng.internal.TestMethodWorker.run(TestMethodWorker.java:108)
	at org.testng.TestRunner.privateRun(TestRunner.java:771)
	at org.testng.TestRunner.run(TestRunner.java:621)
	at org.testng.SuiteRunner.runTest(SuiteRunner.java:357)
	at org.testng.SuiteRunner.runSequentially(SuiteRunner.java:352)
	at org.testng.SuiteRunner.privateRun(SuiteRunner.java:310)
	at org.testng.SuiteRunner.run(SuiteRunner.java:259)
	at org.testng.SuiteRunnerWorker.runSuite(SuiteRunnerWorker.java:52)
	at org.testng.SuiteRunnerWorker.run(SuiteRunnerWorker.java:86)
	at org.testng.TestNG.runSuitesSequentially(TestNG.java:1199)
	at org.testng.TestNG.runSuitesLocally(TestNG.java:1124)
	at org.testng.TestNG.run(TestNG.java:1032)
	at org.apache.maven.surefire.testng.TestNGExecutor.run(TestNGExecutor.java:70)
	at org.apache.maven.surefire.testng.TestNGDirectoryTestSuite.executeMulti(TestNGDirectoryTestSuite.java:158)
	at org.apache.maven.surefire.testng.TestNGDirectoryTestSuite.execute(TestNGDirectoryTestSuite.java:98)
	at org.apache.maven.surefire.testng.TestNGProvider.invoke(TestNGProvider.java:111)
	at sun.reflect.NativeMethodAccessorImpl.invoke0(Native Method)
	at sun.reflect.NativeMethodAccessorImpl.invoke(NativeMethodAccessorImpl.java:62)
	at sun.reflect.DelegatingMethodAccessorImpl.invoke(DelegatingMethodAccessorImpl.java:43)
	at java.lang.reflect.Method.invoke(Method.java:483)
	at org.apache.maven.surefire.util.ReflectionUtils.invokeMethodWithArray(ReflectionUtils.java:164)
	at org.apache.maven.surefire.booter.ProviderFactory$ProviderProxy.invoke(ProviderFactory.java:110)
	at org.apache.maven.surefire.booter.SurefireStarter.invokeProvider(SurefireStarter.java:175)
	at org.apache.maven.surefire.booter.SurefireStarter.runSuitesInProcessWhenForked(SurefireStarter.java:107)
	at org.apache.maven.surefire.booter.ForkedBooter.main(ForkedBooter.java:68)
]]>
            </full-stacktrace>
          </exception> <!-- java.lang.NullPointerException -->
          <reporter-output>
          </reporter-output>
        </test-method> <!-- testEliminarEquipoPorIp -->
        <test-method status="FAIL" signature="testEsIpUnica()[pri:0, instance:org.sunnycake.aton.service.impl.EquipoServiceImplNGTest@783e6358]" name="testEsIpUnica" duration-ms="0" started-at="2016-01-21T17:15:46Z" finished-at="2016-01-21T17:15:46Z">
          <exception class="java.lang.NullPointerException">
            <full-stacktrace>
              <![CDATA[java.lang.NullPointerException
	at org.sunnycake.aton.service.impl.EquipoServiceImpl.esIpUnica(EquipoServiceImpl.java:99)
	at org.sunnycake.aton.service.impl.EquipoServiceImplNGTest.testEsIpUnica(EquipoServiceImplNGTest.java:133)
	at sun.reflect.NativeMethodAccessorImpl.invoke0(Native Method)
	at sun.reflect.NativeMethodAccessorImpl.invoke(NativeMethodAccessorImpl.java:62)
	at sun.reflect.DelegatingMethodAccessorImpl.invoke(DelegatingMethodAccessorImpl.java:43)
	at java.lang.reflect.Method.invoke(Method.java:483)
	at org.testng.internal.MethodInvocationHelper.invokeMethod(MethodInvocationHelper.java:85)
	at org.testng.internal.Invoker.invokeMethod(Invoker.java:659)
	at org.testng.internal.Invoker.invokeTestMethod(Invoker.java:845)
	at org.testng.internal.Invoker.invokeTestMethods(Invoker.java:1153)
	at org.testng.internal.TestMethodWorker.invokeTestMethods(TestMethodWorker.java:125)
	at org.testng.internal.TestMethodWorker.run(TestMethodWorker.java:108)
	at org.testng.TestRunner.privateRun(TestRunner.java:771)
	at org.testng.TestRunner.run(TestRunner.java:621)
	at org.testng.SuiteRunner.runTest(SuiteRunner.java:357)
	at org.testng.SuiteRunner.runSequentially(SuiteRunner.java:352)
	at org.testng.SuiteRunner.privateRun(SuiteRunner.java:310)
	at org.testng.SuiteRunner.run(SuiteRunner.java:259)
	at org.testng.SuiteRunnerWorker.runSuite(SuiteRunnerWorker.java:52)
	at org.testng.SuiteRunnerWorker.run(SuiteRunnerWorker.java:86)
	at org.testng.TestNG.runSuitesSequentially(TestNG.java:1199)
	at org.testng.TestNG.runSuitesLocally(TestNG.java:1124)
	at org.testng.TestNG.run(TestNG.java:1032)
	at org.apache.maven.surefire.testng.TestNGExecutor.run(TestNGExecutor.java:70)
	at org.apache.maven.surefire.testng.TestNGDirectoryTestSuite.executeMulti(TestNGDirectoryTestSuite.java:158)
	at org.apache.maven.surefire.testng.TestNGDirectoryTestSuite.execute(TestNGDirectoryTestSuite.java:98)
	at org.apache.maven.surefire.testng.TestNGProvider.invoke(TestNGProvider.java:111)
	at sun.reflect.NativeMethodAccessorImpl.invoke0(Native Method)
	at sun.reflect.NativeMethodAccessorImpl.invoke(NativeMethodAccessorImpl.java:62)
	at sun.reflect.DelegatingMethodAccessorImpl.invoke(DelegatingMethodAccessorImpl.java:43)
	at java.lang.reflect.Method.invoke(Method.java:483)
	at org.apache.maven.surefire.util.ReflectionUtils.invokeMethodWithArray(ReflectionUtils.java:164)
	at org.apache.maven.surefire.booter.ProviderFactory$ProviderProxy.invoke(ProviderFactory.java:110)
	at org.apache.maven.surefire.booter.SurefireStarter.invokeProvider(SurefireStarter.java:175)
	at org.apache.maven.surefire.booter.SurefireStarter.runSuitesInProcessWhenForked(SurefireStarter.java:107)
	at org.apache.maven.surefire.booter.ForkedBooter.main(ForkedBooter.java:68)
]]>
            </full-stacktrace>
          </exception> <!-- java.lang.NullPointerException -->
          <reporter-output>
          </reporter-output>
        </test-method> <!-- testEsIpUnica -->
        <test-method status="PASS" signature="setUpMethod()[pri:0, instance:org.sunnycake.aton.service.impl.EquipoServiceImplNGTest@783e6358]" name="setUpMethod" is-config="true" duration-ms="0" started-at="2016-01-21T17:15:46Z" finished-at="2016-01-21T17:15:46Z">
          <reporter-output>
          </reporter-output>
        </test-method> <!-- setUpMethod -->
        <test-method status="PASS" signature="tearDownMethod()[pri:0, instance:org.sunnycake.aton.service.impl.EquipoServiceImplNGTest@783e6358]" name="tearDownMethod" is-config="true" duration-ms="0" started-at="2016-01-21T17:15:46Z" finished-at="2016-01-21T17:15:46Z">
          <reporter-output>
          </reporter-output>
        </test-method> <!-- tearDownMethod -->
        <test-method status="FAIL" signature="testGuardarEquipo()[pri:0, instance:org.sunnycake.aton.service.impl.EquipoServiceImplNGTest@783e6358]" name="testGuardarEquipo" duration-ms="0" started-at="2016-01-21T17:15:46Z" finished-at="2016-01-21T17:15:46Z">
          <exception class="java.lang.NullPointerException">
            <full-stacktrace>
              <![CDATA[java.lang.NullPointerException
	at org.sunnycake.aton.service.impl.EquipoServiceImpl.guardarEquipo(EquipoServiceImpl.java:46)
	at org.sunnycake.aton.service.impl.EquipoServiceImplNGTest.testGuardarEquipo(EquipoServiceImplNGTest.java:64)
	at sun.reflect.NativeMethodAccessorImpl.invoke0(Native Method)
	at sun.reflect.NativeMethodAccessorImpl.invoke(NativeMethodAccessorImpl.java:62)
	at sun.reflect.DelegatingMethodAccessorImpl.invoke(DelegatingMethodAccessorImpl.java:43)
	at java.lang.reflect.Method.invoke(Method.java:483)
	at org.testng.internal.MethodInvocationHelper.invokeMethod(MethodInvocationHelper.java:85)
	at org.testng.internal.Invoker.invokeMethod(Invoker.java:659)
	at org.testng.internal.Invoker.invokeTestMethod(Invoker.java:845)
	at org.testng.internal.Invoker.invokeTestMethods(Invoker.java:1153)
	at org.testng.internal.TestMethodWorker.invokeTestMethods(TestMethodWorker.java:125)
	at org.testng.internal.TestMethodWorker.run(TestMethodWorker.java:108)
	at org.testng.TestRunner.privateRun(TestRunner.java:771)
	at org.testng.TestRunner.run(TestRunner.java:621)
	at org.testng.SuiteRunner.runTest(SuiteRunner.java:357)
	at org.testng.SuiteRunner.runSequentially(SuiteRunner.java:352)
	at org.testng.SuiteRunner.privateRun(SuiteRunner.java:310)
	at org.testng.SuiteRunner.run(SuiteRunner.java:259)
	at org.testng.SuiteRunnerWorker.runSuite(SuiteRunnerWorker.java:52)
	at org.testng.SuiteRunnerWorker.run(SuiteRunnerWorker.java:86)
	at org.testng.TestNG.runSuitesSequentially(TestNG.java:1199)
	at org.testng.TestNG.runSuitesLocally(TestNG.java:1124)
	at org.testng.TestNG.run(TestNG.java:1032)
	at org.apache.maven.surefire.testng.TestNGExecutor.run(TestNGExecutor.java:70)
	at org.apache.maven.surefire.testng.TestNGDirectoryTestSuite.executeMulti(TestNGDirectoryTestSuite.java:158)
	at org.apache.maven.surefire.testng.TestNGDirectoryTestSuite.execute(TestNGDirectoryTestSuite.java:98)
	at org.apache.maven.surefire.testng.TestNGProvider.invoke(TestNGProvider.java:111)
	at sun.reflect.NativeMethodAccessorImpl.invoke0(Native Method)
	at sun.reflect.NativeMethodAccessorImpl.invoke(NativeMethodAccessorImpl.java:62)
	at sun.reflect.DelegatingMethodAccessorImpl.invoke(DelegatingMethodAccessorImpl.java:43)
	at java.lang.reflect.Method.invoke(Method.java:483)
	at org.apache.maven.surefire.util.ReflectionUtils.invokeMethodWithArray(ReflectionUtils.java:164)
	at org.apache.maven.surefire.booter.ProviderFactory$ProviderProxy.invoke(ProviderFactory.java:110)
	at org.apache.maven.surefire.booter.SurefireStarter.invokeProvider(SurefireStarter.java:175)
	at org.apache.maven.surefire.booter.SurefireStarter.runSuitesInProcessWhenForked(SurefireStarter.java:107)
	at org.apache.maven.surefire.booter.ForkedBooter.main(ForkedBooter.java:68)
]]>
            </full-stacktrace>
          </exception> <!-- java.lang.NullPointerException -->
          <reporter-output>
          </reporter-output>
        </test-method> <!-- testGuardarEquipo -->
        <test-method status="PASS" signature="tearDownClass()[pri:0, instance:org.sunnycake.aton.service.impl.EquipoServiceImplNGTest@783e6358]" name="tearDownClass" is-config="true" duration-ms="0" started-at="2016-01-21T17:15:46Z" finished-at="2016-01-21T17:15:46Z">
          <reporter-output>
          </reporter-output>
        </test-method> <!-- tearDownClass -->
        <test-method status="PASS" signature="setUpMethod()[pri:0, instance:org.sunnycake.aton.service.impl.EquipoServiceImplNGTest@783e6358]" name="setUpMethod" is-config="true" duration-ms="0" started-at="2016-01-21T17:15:46Z" finished-at="2016-01-21T17:15:46Z">
          <reporter-output>
          </reporter-output>
        </test-method> <!-- setUpMethod -->
        <test-method status="PASS" signature="tearDownMethod()[pri:0, instance:org.sunnycake.aton.service.impl.EquipoServiceImplNGTest@783e6358]" name="tearDownMethod" is-config="true" duration-ms="0" started-at="2016-01-21T17:15:46Z" finished-at="2016-01-21T17:15:46Z">
          <reporter-output>
          </reporter-output>
        </test-method> <!-- tearDownMethod -->
        <test-method status="PASS" signature="tearDownMethod()[pri:0, instance:org.sunnycake.aton.service.impl.EquipoServiceImplNGTest@783e6358]" name="tearDownMethod" is-config="true" duration-ms="0" started-at="2016-01-21T17:15:46Z" finished-at="2016-01-21T17:15:46Z">
          <reporter-output>
          </reporter-output>
        </test-method> <!-- tearDownMethod -->
      </class> <!-- org.sunnycake.aton.service.impl.EquipoServiceImplNGTest -->
      <class name="org.sunnycake.aton.controller.AppControllerTest">
        <test-method status="PASS" signature="setUp()[pri:0, instance:org.sunnycake.aton.controller.AppControllerTest@7a5d012c]" name="setUp" is-config="true" duration-ms="995" started-at="2016-01-21T17:15:44Z" finished-at="2016-01-21T17:15:45Z">
          <reporter-output>
          </reporter-output>
        </test-method> <!-- setUp -->
        <test-method status="PASS" signature="actualizarEquipoConExito()[pri:0, instance:org.sunnycake.aton.controller.AppControllerTest@7a5d012c]" name="actualizarEquipoConExito" duration-ms="6" started-at="2016-01-21T17:15:45Z" finished-at="2016-01-21T17:15:45Z">
          <reporter-output>
          </reporter-output>
        </test-method> <!-- actualizarEquipoConExito -->
        <test-method status="PASS" signature="actualizarEquipoConValidacionDeErrorMacNoUnica()[pri:0, instance:org.sunnycake.aton.controller.AppControllerTest@7a5d012c]" name="actualizarEquipoConValidacionDeErrorMacNoUnica" duration-ms="1" started-at="2016-01-21T17:15:45Z" finished-at="2016-01-21T17:15:45Z">
          <reporter-output>
          </reporter-output>
        </test-method> <!-- actualizarEquipoConValidacionDeErrorMacNoUnica -->
        <test-method status="PASS" signature="actualizarEquipoConValidacionDeError()[pri:0, instance:org.sunnycake.aton.controller.AppControllerTest@7a5d012c]" name="actualizarEquipoConValidacionDeError" duration-ms="0" started-at="2016-01-21T17:15:45Z" finished-at="2016-01-21T17:15:45Z">
          <reporter-output>
          </reporter-output>
        </test-method> <!-- actualizarEquipoConValidacionDeError -->
        <test-method status="PASS" signature="editarEquipo()[pri:0, instance:org.sunnycake.aton.controller.AppControllerTest@7a5d012c]" name="editarEquipo" duration-ms="16" started-at="2016-01-21T17:15:45Z" finished-at="2016-01-21T17:15:45Z">
          <reporter-output>
          </reporter-output>
        </test-method> <!-- editarEquipo -->
        <test-method status="PASS" signature="eliminarEquipo()[pri:0, instance:org.sunnycake.aton.controller.AppControllerTest@7a5d012c]" name="eliminarEquipo" duration-ms="4" started-at="2016-01-21T17:15:45Z" finished-at="2016-01-21T17:15:45Z">
          <reporter-output>
          </reporter-output>
        </test-method> <!-- eliminarEquipo -->
        <test-method status="PASS" signature="guardarEquipoConExito()[pri:0, instance:org.sunnycake.aton.controller.AppControllerTest@7a5d012c]" name="guardarEquipoConExito" duration-ms="827" started-at="2016-01-21T17:15:45Z" finished-at="2016-01-21T17:15:46Z">
          <reporter-output>
          </reporter-output>
        </test-method> <!-- guardarEquipoConExito -->
        <test-method status="PASS" signature="guardarEquipoConValidacionDeErrorMacNoUnica()[pri:0, instance:org.sunnycake.aton.controller.AppControllerTest@7a5d012c]" name="guardarEquipoConValidacionDeErrorMacNoUnica" duration-ms="1" started-at="2016-01-21T17:15:46Z" finished-at="2016-01-21T17:15:46Z">
          <reporter-output>
          </reporter-output>
        </test-method> <!-- guardarEquipoConValidacionDeErrorMacNoUnica -->
        <test-method status="PASS" signature="listarEquipos()[pri:0, instance:org.sunnycake.aton.controller.AppControllerTest@7a5d012c]" name="listarEquipos" duration-ms="6" started-at="2016-01-21T17:15:46Z" finished-at="2016-01-21T17:15:46Z">
          <reporter-output>
          </reporter-output>
        </test-method> <!-- listarEquipos -->
        <test-method status="PASS" signature="guardarEquipoConValidacionDeErrores()[pri:0, instance:org.sunnycake.aton.controller.AppControllerTest@7a5d012c]" name="guardarEquipoConValidacionDeErrores" duration-ms="0" started-at="2016-01-21T17:15:46Z" finished-at="2016-01-21T17:15:46Z">
          <reporter-output>
          </reporter-output>
        </test-method> <!-- guardarEquipoConValidacionDeErrores -->
        <test-method status="PASS" signature="nuevoEquipo()[pri:0, instance:org.sunnycake.aton.controller.AppControllerTest@7a5d012c]" name="nuevoEquipo" duration-ms="1" started-at="2016-01-21T17:15:46Z" finished-at="2016-01-21T17:15:46Z">
          <reporter-output>
          </reporter-output>
        </test-method> <!-- nuevoEquipo -->
      </class> <!-- org.sunnycake.aton.controller.AppControllerTest -->
    </test> <!-- Command line test -->
  </suite> <!-- Command line suite -->
</testng-results>
